  cross_rabits.cpp
C:\Users\김유림\Desktop\컴그\텀프\MyFolder\Cross_Rabit_3\MyRoad.h(9,28): warning C4244: '초기화 중': 'int'에서 'float'(으)로 변환하면서 데이터가 손실될 수 있습니다.
C:\Users\김유림\Desktop\컴그\텀프\MyFolder\Cross_Rabit_3\MyRiver.h(9,28): warning C4244: '초기화 중': 'int'에서 'float'(으)로 변환하면서 데이터가 손실될 수 있습니다.
C:\Users\김유림\Desktop\컴그\텀프\MyFolder\Cross_Rabit_3\firework_particle.h(19,59): warning C4244: '초기화 중': 'int'에서 'float'(으)로 변환하면서 데이터가 손실될 수 있습니다.
  End_State.cpp
C:\Users\김유림\Desktop\컴그\텀프\MyFolder\Cross_Rabit_3\firework_particle.h(19,86): warning C4244: '초기화 중': 'int'에서 'float'(으)로 변환하면서 데이터가 손실될 수 있습니다.
  firework.cpp
C:\Users\김유림\Desktop\컴그\텀프\MyFolder\Cross_Rabit_3\End_State.cpp(60,2): warning C4065: switch문에 'default'가 있으나 'case' 레이블이 없습니다.
C:\Users\김유림\Desktop\컴그\텀프\MyFolder\Cross_Rabit_3\firework_particle.h(19,59): warning C4244: '초기화 중': 'int'에서 'float'(으)로 변환하면서 데이터가 손실될 수 있습니다.
C:\Users\김유림\Desktop\컴그\텀프\MyFolder\Cross_Rabit_3\firework_particle.h(19,86): warning C4244: '초기화 중': 'int'에서 'float'(으)로 변환하면서 데이터가 손실될 수 있습니다.
C:\Users\김유림\Desktop\컴그\텀프\MyFolder\Cross_Rabit_3\firework.cpp(5,32): warning C4244: '=': 'double'에서 'float'(으)로 변환하면서 데이터가 손실될 수 있습니다.
C:\Users\김유림\Desktop\컴그\텀프\MyFolder\Cross_Rabit_3\firework.cpp(6,32): warning C4244: '=': 'double'에서 'float'(으)로 변환하면서 데이터가 손실될 수 있습니다.
C:\Users\김유림\Desktop\컴그\텀프\MyFolder\Cross_Rabit_3\firework.cpp(7,32): warning C4244: '=': 'double'에서 'float'(으)로 변환하면서 데이터가 손실될 수 있습니다.
C:\Users\김유림\Desktop\컴그\텀프\MyFolder\Cross_Rabit_3\firework.cpp(8,14): warning C4244: '초기화 중': 'int'에서 'float'(으)로 변환하면서 데이터가 손실될 수 있습니다.
C:\Users\김유림\Desktop\컴그\텀프\MyFolder\Cross_Rabit_3\firework.cpp(9,14): warning C4244: '초기화 중': 'int'에서 'float'(으)로 변환하면서 데이터가 손실될 수 있습니다.
C:\Users\김유림\Desktop\컴그\텀프\MyFolder\Cross_Rabit_3\firework.cpp(10,19): warning C4244: '초기화 중': 'int'에서 'float'(으)로 변환하면서 데이터가 손실될 수 있습니다.
C:\Users\김유림\Desktop\컴그\텀프\MyFolder\Cross_Rabit_3\firework.cpp(16,24): warning C4244: '=': 'int'에서 'float'(으)로 변환하면서 데이터가 손실될 수 있습니다.
C:\Users\김유림\Desktop\컴그\텀프\MyFolder\Cross_Rabit_3\firework.cpp(32,34): warning C4244: '=': 'double'에서 'float'(으)로 변환하면서 데이터가 손실될 수 있습니다.
C:\Users\김유림\Desktop\컴그\텀프\MyFolder\Cross_Rabit_3\firework.cpp(33,34): warning C4244: '=': 'double'에서 'float'(으)로 변환하면서 데이터가 손실될 수 있습니다.
C:\Users\김유림\Desktop\컴그\텀프\MyFolder\Cross_Rabit_3\firework.cpp(34,34): warning C4244: '=': 'double'에서 'float'(으)로 변환하면서 데이터가 손실될 수 있습니다.
C:\Users\김유림\Desktop\컴그\텀프\MyFolder\Cross_Rabit_3\firework.cpp(35,16): warning C4244: '초기화 중': 'int'에서 'float'(으)로 변환하면서 데이터가 손실될 수 있습니다.
C:\Users\김유림\Desktop\컴그\텀프\MyFolder\Cross_Rabit_3\firework.cpp(36,16): warning C4244: '초기화 중': 'int'에서 'float'(으)로 변환하면서 데이터가 손실될 수 있습니다.
C:\Users\김유림\Desktop\컴그\텀프\MyFolder\Cross_Rabit_3\firework.cpp(37,21): warning C4244: '초기화 중': 'int'에서 'float'(으)로 변환하면서 데이터가 손실될 수 있습니다.
C:\Users\김유림\Desktop\컴그\텀프\MyFolder\Cross_Rabit_3\firework.cpp(43,26): warning C4244: '=': 'int'에서 'float'(으)로 변환하면서 데이터가 손실될 수 있습니다.
C:\Users\김유림\Desktop\컴그\텀프\MyFolder\Cross_Rabit_3\firework.cpp(48,63): warning C4244: '+=': 'double'에서 'float'(으)로 변환하면서 데이터가 손실될 수 있습니다.
C:\Users\김유림\Desktop\컴그\텀프\MyFolder\Cross_Rabit_3\firework.cpp(49,63): warning C4244: '+=': 'double'에서 'float'(으)로 변환하면서 데이터가 손실될 수 있습니다.
C:\Users\김유림\Desktop\컴그\텀프\MyFolder\Cross_Rabit_3\firework.cpp(50,64): warning C4244: '+=': 'double'에서 'float'(으)로 변환하면서 데이터가 손실될 수 있습니다.
C:\Users\김유림\Desktop\컴그\텀프\MyFolder\Cross_Rabit_3\firework.cpp(54,63): warning C4244: '+=': 'double'에서 'float'(으)로 변환하면서 데이터가 손실될 수 있습니다.
C:\Users\김유림\Desktop\컴그\텀프\MyFolder\Cross_Rabit_3\firework.cpp(55,63): warning C4244: '+=': 'double'에서 'float'(으)로 변환하면서 데이터가 손실될 수 있습니다.
C:\Users\김유림\Desktop\컴그\텀프\MyFolder\Cross_Rabit_3\firework.cpp(56,64): warning C4244: '+=': 'double'에서 'float'(으)로 변환하면서 데이터가 손실될 수 있습니다.
C:\Users\김유림\Desktop\컴그\텀프\MyFolder\Cross_Rabit_3\firework.cpp(59,63): warning C4244: '+=': 'double'에서 'float'(으)로 변환하면서 데이터가 손실될 수 있습니다.
C:\Users\김유림\Desktop\컴그\텀프\MyFolder\Cross_Rabit_3\firework.cpp(60,63): warning C4244: '+=': 'double'에서 'float'(으)로 변환하면서 데이터가 손실될 수 있습니다.
C:\Users\김유림\Desktop\컴그\텀프\MyFolder\Cross_Rabit_3\firework.cpp(61,63): warning C4244: '+=': 'double'에서 'float'(으)로 변환하면서 데이터가 손실될 수 있습니다.
C:\Users\김유림\Desktop\컴그\텀프\MyFolder\Cross_Rabit_3\firework.cpp(64,63): warning C4244: '+=': 'double'에서 'float'(으)로 변환하면서 데이터가 손실될 수 있습니다.
C:\Users\김유림\Desktop\컴그\텀프\MyFolder\Cross_Rabit_3\firework.cpp(65,64): warning C4244: '+=': 'double'에서 'float'(으)로 변환하면서 데이터가 손실될 수 있습니다.
  loadOBJ.cpp
C:\Users\김유림\Desktop\컴그\텀프\MyFolder\Cross_Rabit_3\firework.cpp(66,64): warning C4244: '+=': 'double'에서 'float'(으)로 변환하면서 데이터가 손실될 수 있습니다.
  MainGame_State.cpp
C:\Users\김유림\Desktop\컴그\텀프\MyFolder\Cross_Rabit_3\loadOBJ.cpp(79,48): warning C4305: '인수': 'double'에서 'GLfloat'(으)로 잘립니다.
C:\Users\김유림\Desktop\컴그\텀프\MyFolder\Cross_Rabit_3\MyRoad.h(9,28): warning C4244: '초기화 중': 'int'에서 'float'(으)로 변환하면서 데이터가 손실될 수 있습니다.
C:\Users\김유림\Desktop\컴그\텀프\MyFolder\Cross_Rabit_3\MyRiver.h(9,28): warning C4244: '초기화 중': 'int'에서 'float'(으)로 변환하면서 데이터가 손실될 수 있습니다.
  Mycommon.cpp
  MyHero.cpp
  MyLog.cpp
  MyRiver.cpp
C:\Users\김유림\Desktop\컴그\텀프\MyFolder\Cross_Rabit_3\MainGame_State.cpp(119,24): warning C4244: '=': 'int'에서 'float'(으)로 변환하면서 데이터가 손실될 수 있습니다.
  MyRoad.cpp
C:\Users\김유림\Desktop\컴그\텀프\MyFolder\Cross_Rabit_3\MyRiver.h(9,28): warning C4244: '초기화 중': 'int'에서 'float'(으)로 변환하면서 데이터가 손실될 수 있습니다.
  MyState.cpp
  MyTrail.cpp
  MyTrain.cpp
C:\Users\김유림\Desktop\컴그\텀프\MyFolder\Cross_Rabit_3\MyRoad.h(9,28): warning C4244: '초기화 중': 'int'에서 'float'(으)로 변환하면서 데이터가 손실될 수 있습니다.
  MyTree.cpp
  MyTruck.cpp
  Sound.cpp
  Title_State.cpp
C:\Users\김유림\Desktop\컴그\텀프\MyFolder\Cross_Rabit_3\MyTrain.cpp(8,22): warning C4244: '=': 'int'에서 'float'(으)로 변환하면서 데이터가 손실될 수 있습니다.
C:\Users\김유림\Desktop\컴그\텀프\MyFolder\Cross_Rabit_3\firework_particle.h(19,59): warning C4244: '초기화 중': 'int'에서 'float'(으)로 변환하면서 데이터가 손실될 수 있습니다.
C:\Users\김유림\Desktop\컴그\텀프\MyFolder\Cross_Rabit_3\firework_particle.h(19,86): warning C4244: '초기화 중': 'int'에서 'float'(으)로 변환하면서 데이터가 손실될 수 있습니다.
C:\Users\김유림\Desktop\컴그\텀프\MyFolder\Cross_Rabit_3\Title_State.cpp(33,2): warning C4065: switch문에 'default'가 있으나 'case' 레이블이 없습니다.
  코드를 생성하고 있습니다.
  Previous IPDB not found, fall back to full compilation.
C:\Users\김유림\Desktop\컴그\텀프\MyFolder\Cross_Rabit_3\MyHero.cpp(167): warning C4715: 'kyrHero::check_death': 모든 제어 경로에서 값을 반환하지는 않습니다.
  All 549 functions were compiled because no usable IPDB/IOBJ from previous compilation was found.
  코드를 생성했습니다.
  Cross_Rabit_3.vcxproj -> C:\Users\김유림\Desktop\컴그\텀프\MyFolder\Cross_Rabit_3\Release\Cross_Rabit_3.exe
